[11:57:09] [main/INFO]: Using mbed TLS based native cipher.
[11:57:09] [main/INFO]: Using zlib based native compressor.
[11:57:09] [main/INFO]: Enabled Waterfall version git:Waterfall-Bootstrap:1.19-R0.1-SNAPSHOT:3df3a27:526
[11:57:09] [main/INFO]: Not on Windows, attempting to use enhanced EpollEventLoop
[11:57:09] [main/INFO]: Epoll is working, utilising it!
[11:57:09] [main/INFO]: Discovered module: ModuleSpec(name=cmd_alert, file=modules/cmd_alert.jar, provider=JenkinsModuleSource())
[11:57:09] [main/INFO]: Discovered module: ModuleSpec(name=cmd_find, file=modules/cmd_find.jar, provider=JenkinsModuleSource())
[11:57:09] [main/INFO]: Discovered module: ModuleSpec(name=cmd_list, file=modules/cmd_list.jar, provider=JenkinsModuleSource())
[11:57:09] [main/INFO]: Discovered module: ModuleSpec(name=cmd_send, file=modules/cmd_send.jar, provider=JenkinsModuleSource())
[11:57:09] [main/INFO]: Discovered module: ModuleSpec(name=cmd_server, file=modules/cmd_server.jar, provider=JenkinsModuleSource())
[11:57:09] [main/INFO]: Discovered module: ModuleSpec(name=reconnect_yaml, file=modules/reconnect_yaml.jar, provider=JenkinsModuleSource())
[11:57:09] [main/INFO]: Loaded plugin reconnect_yaml version git:reconnect_yaml:1.19-R0.1-SNAPSHOT:3df3a27:526 by WaterfallMC
[11:57:09] [main/INFO]: Loaded plugin cmd_find version git:cmd_find:1.19-R0.1-SNAPSHOT:3df3a27:526 by WaterfallMC
[11:57:09] [main/INFO]: Loaded plugin cmd_server version git:cmd_server:1.19-R0.1-SNAPSHOT:3df3a27:526 by WaterfallMC
[11:57:09] [main/INFO]: Loaded plugin cmd_alert version git:cmd_alert:1.19-R0.1-SNAPSHOT:3df3a27:526 by WaterfallMC
[11:57:09] [main/INFO]: Loaded plugin cmd_send version git:cmd_send:1.19-R0.1-SNAPSHOT:3df3a27:526 by WaterfallMC
[11:57:09] [main/INFO]: Loaded plugin cmd_list version git:cmd_list:1.19-R0.1-SNAPSHOT:3df3a27:526 by WaterfallMC
[11:57:09] [main/INFO] [EaglercraftXBungee]: Loading vanilla profile: lax1dude
[11:57:17] [main/ERROR] [EaglercraftXBungee]: Exception loading vanilla default profile!
java.net.UnknownHostException: api.mojang.com: Temporary failure in name resolution
	at java.net.Inet4AddressImpl.lookupAllHostAddr(Native Method) ~[?:1.8.0_322]
	at java.net.InetAddress$2.lookupAllHostAddr(InetAddress.java:929) ~[?:1.8.0_322]
	at java.net.InetAddress.getAddressesFromNameService(InetAddress.java:1324) ~[?:1.8.0_322]
	at java.net.InetAddress.getAllByName0(InetAddress.java:1277) ~[?:1.8.0_322]
	at java.net.InetAddress.getAllByName(InetAddress.java:1193) ~[?:1.8.0_322]
	at java.net.InetAddress.getAllByName(InetAddress.java:1127) ~[?:1.8.0_322]
	at java.net.InetAddress.getByName(InetAddress.java:1077) ~[?:1.8.0_322]
	at net.lax1dude.eaglercraft.v1_8.plugin.gateway_bungeecord.skins.BinaryHttpClient.asyncRequest(BinaryHttpClient.java:223) ~[?:?]
	at net.lax1dude.eaglercraft.v1_8.plugin.gateway_bungeecord.config.VanillaDefaultSkinProfileLoader.lookupVanillaSkinUser(VanillaDefaultSkinProfileLoader.java:142) ~[?:?]
	at net.lax1dude.eaglercraft.v1_8.plugin.gateway_bungeecord.config.EaglerBungeeConfig.loadConfig(EaglerBungeeConfig.java:141) ~[?:?]
	at net.lax1dude.eaglercraft.v1_8.plugin.gateway_bungeecord.EaglerXBungee.reloadConfig(EaglerXBungee.java:209) ~[?:?]
	at net.lax1dude.eaglercraft.v1_8.plugin.gateway_bungeecord.EaglerXBungee.onLoad(EaglerXBungee.java:97) ~[?:?]
	at net.md_5.bungee.api.plugin.PluginManager.enablePlugin(PluginManager.java:399) ~[bungee.jar:git:Waterfall-Bootstrap:1.19-R0.1-SNAPSHOT:3df3a27:526]
	at net.md_5.bungee.api.plugin.PluginManager.loadPlugins(PluginManager.java:301) ~[bungee.jar:git:Waterfall-Bootstrap:1.19-R0.1-SNAPSHOT:3df3a27:526]
	at net.md_5.bungee.BungeeCord.start(BungeeCord.java:287) ~[bungee.jar:git:Waterfall-Bootstrap:1.19-R0.1-SNAPSHOT:3df3a27:526]
	at net.md_5.bungee.BungeeCordLauncher.main(BungeeCordLauncher.java:67) ~[bungee.jar:git:Waterfall-Bootstrap:1.19-R0.1-SNAPSHOT:3df3a27:526]
	at net.md_5.bungee.Bootstrap.main(Bootstrap.java:15) ~[bungee.jar:git:Waterfall-Bootstrap:1.19-R0.1-SNAPSHOT:3df3a27:526]
[11:57:17] [main/INFO]: Loaded plugin EaglercraftXBungee version 1.0.5 by lax1dude
[11:57:17] [main/WARN]: Could not load server icon
java.lang.IllegalArgumentException: Server icon must be exactly 64x64 pixels
	at net.md_5.bungee.api.Favicon.create(Favicon.java:80) ~[bungee.jar:git:Waterfall-Bootstrap:1.19-R0.1-SNAPSHOT:3df3a27:526]
	at net.md_5.bungee.conf.Configuration.load(Configuration.java:89) ~[bungee.jar:git:Waterfall-Bootstrap:1.19-R0.1-SNAPSHOT:3df3a27:526]
	at io.github.waterfallmc.waterfall.conf.WaterfallConfiguration.load(WaterfallConfiguration.java:67) ~[bungee.jar:git:Waterfall-Bootstrap:1.19-R0.1-SNAPSHOT:3df3a27:526]
	at net.md_5.bungee.BungeeCord.start(BungeeCord.java:288) ~[bungee.jar:git:Waterfall-Bootstrap:1.19-R0.1-SNAPSHOT:3df3a27:526]
	at net.md_5.bungee.BungeeCordLauncher.main(BungeeCordLauncher.java:67) ~[bungee.jar:git:Waterfall-Bootstrap:1.19-R0.1-SNAPSHOT:3df3a27:526]
	at net.md_5.bungee.Bootstrap.main(Bootstrap.java:15) ~[bungee.jar:git:Waterfall-Bootstrap:1.19-R0.1-SNAPSHOT:3df3a27:526]
[11:57:17] [main/WARN]: Forced host server pvp is not defined
[11:57:17] [main/INFO]: Enabled plugin reconnect_yaml version git:reconnect_yaml:1.19-R0.1-SNAPSHOT:3df3a27:526 by WaterfallMC
[11:57:17] [main/INFO]: Enabled plugin cmd_find version git:cmd_find:1.19-R0.1-SNAPSHOT:3df3a27:526 by WaterfallMC
[11:57:17] [main/INFO]: Enabled plugin cmd_server version git:cmd_server:1.19-R0.1-SNAPSHOT:3df3a27:526 by WaterfallMC
[11:57:17] [main/INFO]: Enabled plugin cmd_alert version git:cmd_alert:1.19-R0.1-SNAPSHOT:3df3a27:526 by WaterfallMC
[11:57:17] [main/INFO]: Enabled plugin cmd_send version git:cmd_send:1.19-R0.1-SNAPSHOT:3df3a27:526 by WaterfallMC
[11:57:17] [main/INFO]: Enabled plugin cmd_list version git:cmd_list:1.19-R0.1-SNAPSHOT:3df3a27:526 by WaterfallMC
[11:57:17] [main/ERROR] [EaglercraftXBungee]: Online mode is set to false! Authentication system has been disabled
[11:57:17] [Netty Worker IO Thread #0/INFO] [EaglercraftXBungee]: Eaglercraft is listening on: /0.0.0.0:8081
[11:57:18] [main/INFO] [EaglercraftXBungee]: Connected to database: jdbc:sqlite:eaglercraft_skins_cache.db
[11:57:18] [main/INFO]: Enabled plugin EaglercraftXBungee version 1.0.5 by lax1dude
[11:57:18] [Netty Boss IO Thread #0/INFO]: Listening on /127.0.0.1:25577
[11:57:24] [Thread-4/INFO]: Closing listener [id: 0x5e64f936, L:/127.0.0.1:25577]
